[debug] [2021-04-04T14:31:39.936Z] ----------------------------------------------------------------------
[debug] [2021-04-04T14:31:39.938Z] Command:       /home/sanjiv/.nvm/versions/node/v12.21.0/bin/node /home/sanjiv/.nvm/versions/node/v12.21.0/bin/firebase init
[debug] [2021-04-04T14:31:39.938Z] CLI Version:   9.8.0
[debug] [2021-04-04T14:31:39.938Z] Platform:      linux
[debug] [2021-04-04T14:31:39.939Z] Node Version:  v12.21.0
[debug] [2021-04-04T14:31:39.939Z] Time:          Sun Apr 04 2021 20:01:39 GMT+0530 (India Standard Time)
[debug] [2021-04-04T14:31:39.939Z] ----------------------------------------------------------------------
[debug] 
[debug] [2021-04-04T14:31:39.943Z] > command requires scopes: ["email","openid","https://www.googleapis.com/auth/cloudplatformprojects.readonly","https://www.googleapis.com/auth/firebase","https://www.googleapis.com/auth/cloud-platform"]
[debug] [2021-04-04T14:31:39.943Z] > authorizing via signed-in user
[info] 
     ######## #### ########  ######## ########     ###     ######  ########
     ##        ##  ##     ## ##       ##     ##  ##   ##  ##       ##
     ######    ##  ########  ######   ########  #########  ######  ######
     ##        ##  ##    ##  ##       ##     ## ##     ##       ## ##
     ##       #### ##     ## ######## ########  ##     ##  ######  ########

You're about to initialize a Firebase project in this directory:

  /home/sanjiv/Documents/Study Materials/Code/covid19-tracker/covid19-tracker

[info] 
=== Project Setup
[info] 
[info] First, let's associate this project directory with a Firebase project.
[info] You can create multiple project aliases by running firebase use --add, 
[info] but for now we'll just set up a default project.
[info] 
[debug] [2021-04-04T14:31:56.826Z] >>> [apiv2][query] GET https://firebase.googleapis.com/v1beta1/projects pageSize=100
[debug] [2021-04-04T14:31:57.387Z] <<< [apiv2][status] GET https://firebase.googleapis.com/v1beta1/projects 200
[debug] [2021-04-04T14:31:57.387Z] <<< [apiv2][body] GET https://firebase.googleapis.com/v1beta1/projects [omitted]
[info] i  Using project covid-19-tracker-8f9b7 (Covid 19 Tracker) 
[info] 
=== Hosting Setup
[info] 
[info] Your public directory is the folder (relative to your project directory) that
[info] will contain Hosting assets to be uploaded with firebase deploy. If you
[info] have a build process for your assets, use your build's output directory.
[info] 
[debug] [2021-04-04T14:32:45.426Z] >>> [apiv2][query] GET https://www.gstatic.com/firebasejs/releases.json [none]
[debug] [2021-04-04T14:32:45.518Z] <<< [apiv2][status] GET https://www.gstatic.com/firebasejs/releases.json 200
[debug] [2021-04-04T14:32:45.518Z] <<< [apiv2][body] GET https://www.gstatic.com/firebasejs/releases.json {"current":{"version":"8.3.2","browserURL":"https://www.gstatic.com/firebasejs/8.3.2/firebase.js","packageURL":"https://www.gstatic.com/firebasejs/8.3.2/firebase.tgz"},"live":{"version":"8.3","browserURL":"https://www.gstatic.com/firebasejs/live/8.3/firebase.js","packageURL":"https://www.gstatic.com/firebasejs/live/8.3/firebase.tgz"},"components":{"analytics":"https://www.gstatic.com/firebasejs/8.3.2/firebase-analytics.js","app":"https://www.gstatic.com/firebasejs/8.3.2/firebase-app.js","auth":"https://www.gstatic.com/firebasejs/8.3.2/firebase-auth.js","database":"https://www.gstatic.com/firebasejs/8.3.2/firebase-database.js","firestore":"https://www.gstatic.com/firebasejs/8.3.2/firebase-firestore.js","functions":"https://www.gstatic.com/firebasejs/8.3.2/firebase-functions.js","installations":"https://www.gstatic.com/firebasejs/8.3.2/firebase-installations.js","messaging":"https://www.gstatic.com/firebasejs/8.3.2/firebase-messaging.js","storage":"https://www.gstatic.com/firebasejs/8.3.2/firebase-storage.js","performance":"https://www.gstatic.com/firebasejs/8.3.2/firebase-performance.js","remote-config":"https://www.gstatic.com/firebasejs/8.3.2/firebase-remote-config.js","firestore.memory":"https://www.gstatic.com/firebasejs/8.3.2/firebase-firestore.memory.js"}}
[info] ✔  Wrote build/index.html 
[info] 
[info] i  Didn't detect a .git folder. Assuming /home/sanjiv/Documents/Study Materials/Code/covid19-tracker/covid19-tracker is the project root. 
[info] i  Authorizing with GitHub to upload your service account to a GitHub repository's secrets store. 
[info] 
[info] Visit this URL on this device to log in:
[info] https://github.com/login/oauth/authorize?client_id=89cf50f02ac6aaed3484&state=231344909&redirect_uri=http%3A%2F%2Flocalhost%3A9005&scope=read%3Auser%20repo%20public_repo
[info] 
[info] Waiting for authentication...
[debug] [2021-04-04T14:33:27.003Z] >>> HTTP REQUEST POST https://github.com/login/oauth/access_token  
 {"client_id":"89cf50f02ac6aaed3484","client_secret":"3330d14abc895d9a74d5f17cd7a00711fa2c5bf0","code":"25bf234721a4904df121","redirect_uri":"http://localhost:9005","state":"231344909"}
[debug] [2021-04-04T14:33:27.492Z] <<< HTTP RESPONSE 200 {"server":"GitHub.com","date":"Sun, 04 Apr 2021 14:33:28 GMT","content-type":"application/json; charset=utf-8","transfer-encoding":"chunked","vary":"X-PJAX, Accept-Encoding, Accept, X-Requested-With","etag":"W/\"0a7eede7fcd43a6a7bb2f87601f1c6b4\"","cache-control":"max-age=0, private, must-revalidate","strict-transport-security":"max-age=31536000; includeSubdomains; preload","x-frame-options":"deny","x-content-type-options":"nosniff","x-xss-protection":"0","referrer-policy":"origin-when-cross-origin, strict-origin-when-cross-origin","expect-ct":"max-age=2592000, report-uri=\"https://api.github.com/_private/browser/errors\"","content-security-policy":"default-src 'none'; base-uri 'self'; block-all-mixed-content; connect-src 'self' uploads.github.com www.githubstatus.com collector.githubapp.com api.github.com github-cloud.s3.amazonaws.com github-production-repository-file-5c1aeb.s3.amazonaws.com github-production-upload-manifest-file-7fdce7.s3.amazonaws.com github-production-user-asset-6210df.s3.amazonaws.com cdn.optimizely.com logx.optimizely.com/v1/events wss://alive.github.com; font-src github.githubassets.com; form-action 'self' github.com gist.github.com; frame-ancestors 'none'; frame-src render.githubusercontent.com; img-src 'self' data: github.githubassets.com identicons.github.com collector.githubapp.com github-cloud.s3.amazonaws.com secured-user-images.githubusercontent.com/ *.githubusercontent.com; manifest-src 'self'; media-src 'none'; script-src github.githubassets.com; style-src 'unsafe-inline' github.githubassets.com; worker-src github.com/socket-worker-3f088aa2.js gist.github.com/socket-worker-3f088aa2.js","x-github-request-id":"9684:6310:97C741:A96D11:6069CE38"}
[debug] [2021-04-04T14:33:27.497Z] >>> [apiv2][query] GET https://api.github.com/user [none]
[debug] [2021-04-04T14:33:28.002Z] <<< [apiv2][status] GET https://api.github.com/user 200
[debug] [2021-04-04T14:33:28.003Z] <<< [apiv2][body] GET https://api.github.com/user {"login":"sanjeevpr","id":42584056,"node_id":"MDQ6VXNlcjQyNTg0MDU2","avatar_url":"https://avatars.githubusercontent.com/u/42584056?v=4","gravatar_id":"","url":"https://api.github.com/users/sanjeevpr","html_url":"https://github.com/sanjeevpr","followers_url":"https://api.github.com/users/sanjeevpr/followers","following_url":"https://api.github.com/users/sanjeevpr/following{/other_user}","gists_url":"https://api.github.com/users/sanjeevpr/gists{/gist_id}","starred_url":"https://api.github.com/users/sanjeevpr/starred{/owner}{/repo}","subscriptions_url":"https://api.github.com/users/sanjeevpr/subscriptions","organizations_url":"https://api.github.com/users/sanjeevpr/orgs","repos_url":"https://api.github.com/users/sanjeevpr/repos","events_url":"https://api.github.com/users/sanjeevpr/events{/privacy}","received_events_url":"https://api.github.com/users/sanjeevpr/received_events","type":"User","site_admin":false,"name":"Sanjiv Pradhan","company":"Zwayam","blog":"https://www.linkedin.com/in/sanjiv-pradhan","location":"Bengaluru, India","email":null,"hireable":null,"bio":"Code once, think infinite times!","twitter_username":null,"public_repos":10,"public_gists":0,"followers":0,"following":0,"created_at":"2018-08-21T17:00:35Z","updated_at":"2021-04-04T14:33:27Z","private_gists":0,"total_private_repos":0,"owned_private_repos":0,"disk_usage":333724,"collaborators":0,"two_factor_authentication":false,"plan":{"name":"free","space":976562499,"collaborators":0,"private_repos":10000}}
[info] 
[info] ✔  Success! Logged into GitHub as sanjeevpr 
[info] 
[debug] [2021-04-04T14:33:55.458Z] >>> [apiv2][query] GET https://api.github.com/repos//actions/secrets/public-key type=owner
[debug] [2021-04-04T14:33:55.855Z] <<< [apiv2][status] GET https://api.github.com/repos//actions/secrets/public-key 404
[debug] [2021-04-04T14:33:55.855Z] <<< [apiv2][body] GET https://api.github.com/repos//actions/secrets/public-key {"message":"Not Found","documentation_url":"https://docs.github.com/rest"}
